
1:C 14 May 2021 05:34:22.177 # oO0OoO0OoO0Oo Redis is starting oO0OoO0OoO0Oo
1:C 14 May 2021 05:34:22.184 # Redis version=6.2.3, bits=64, commit=00000000, modified=0, pid=1, just started
1:C 14 May 2021 05:34:22.191 # Configuration loaded
1:M 14 May 2021 05:34:22.198 * monotonic clock: POSIX clock_gettime
1:M 14 May 2021 05:34:22.205 * Running mode=standalone, port=6379.
1:M 14 May 2021 05:34:22.207 # Server initialized
1:M 14 May 2021 05:34:22.209 # WARNING overcommit_memory is set to 0! Background save may fail under low memory condition. To fix this issue add 'vm.overcommit_memory = 1' to /etc/sysctl.conf and then reboot or run the command 'sysctl vm.overcommit_memory=1' for this to take effect.
1:M 14 May 2021 05:34:22.211 * Ready to accept connections
1:signal-handler (1620971685) Received SIGTERM scheduling shutdown...
1:M 14 May 2021 05:54:45.292 # User requested shutdown...
1:M 14 May 2021 05:54:45.295 * Calling fsync() on the AOF file.
1:M 14 May 2021 05:54:45.300 * Saving the final RDB snapshot before exiting.
1:M 14 May 2021 05:54:45.311 * DB saved on disk
1:M 14 May 2021 05:54:45.312 * Removing the pid file.
1:M 14 May 2021 05:54:45.313 # Redis is now ready to exit, bye bye...
1:C 14 May 2021 05:55:15.120 # oO0OoO0OoO0Oo Redis is starting oO0OoO0OoO0Oo
1:C 14 May 2021 05:55:15.122 # Redis version=6.2.3, bits=64, commit=00000000, modified=0, pid=1, just started
1:C 14 May 2021 05:55:15.124 # Configuration loaded
1:M 14 May 2021 05:55:15.127 * monotonic clock: POSIX clock_gettime
1:M 14 May 2021 05:55:15.131 * Running mode=standalone, port=6379.
1:M 14 May 2021 05:55:15.133 # Server initialized
1:M 14 May 2021 05:55:15.134 # WARNING overcommit_memory is set to 0! Background save may fail under low memory condition. To fix this issue add 'vm.overcommit_memory = 1' to /etc/sysctl.conf and then reboot or run the command 'sysctl vm.overcommit_memory=1' for this to take effect.
1:M 14 May 2021 05:55:15.137 * Ready to accept connections
1:signal-handler (1620980035) Received SIGTERM scheduling shutdown...
1:M 14 May 2021 08:13:55.620 # User requested shutdown...
1:M 14 May 2021 08:13:55.624 * Calling fsync() on the AOF file.
1:M 14 May 2021 08:13:55.629 * Saving the final RDB snapshot before exiting.
1:M 14 May 2021 08:13:55.643 * DB saved on disk
1:M 14 May 2021 08:13:55.644 * Removing the pid file.
1:M 14 May 2021 08:13:55.646 # Redis is now ready to exit, bye bye...
1:C 14 May 2021 08:32:33.690 # oO0OoO0OoO0Oo Redis is starting oO0OoO0OoO0Oo
1:C 14 May 2021 08:32:33.695 # Redis version=6.2.3, bits=64, commit=00000000, modified=0, pid=1, just started
1:C 14 May 2021 08:32:33.697 # Configuration loaded
1:M 14 May 2021 08:32:33.699 * monotonic clock: POSIX clock_gettime
1:M 14 May 2021 08:32:33.716 * Running mode=standalone, port=6379.
1:M 14 May 2021 08:32:33.718 # Server initialized
1:M 14 May 2021 08:32:33.721 # WARNING overcommit_memory is set to 0! Background save may fail under low memory condition. To fix this issue add 'vm.overcommit_memory = 1' to /etc/sysctl.conf and then reboot or run the command 'sysctl vm.overcommit_memory=1' for this to take effect.
1:M 14 May 2021 08:32:33.724 * Ready to accept connections
